SUCCESS: tests.TestGuesserTextUI.testUI1 completed in 6.8 milliseconds
SUCCESS: tests.TestGuesserTextUI.testUI2 completed in 9.5 milliseconds
SUCCESS: tests.TestGuesserTextUI.testUI3 completed in 4.204 seconds
SUCCESS: tests.TestGuesserTextUI.testUI4 completed in 2.325 seconds
SUCCESS: tests.TestGuesserTextUI.testUI5 completed in 2.5 milliseconds
SUCCESS: tests.TestGuesserTextUI.testUI6 completed in 2.1 milliseconds
SUCCESS: tests.TestHiLo.consParam1 completed in 0.1 milliseconds
SUCCESS: tests.TestHiLo.consParam2 completed in 0.5 milliseconds
SUCCESS: tests.TestHiLo.getSecret1 completed in 0.6 milliseconds
SUCCESS: tests.TestHiLo.getSecret2 completed in 0.4 milliseconds
SUCCESS: tests.TestHiLo.getSecret3 completed in 0.3 milliseconds
SUCCESS: tests.TestHiLo.getSecret4 completed in 1.1 milliseconds
SUCCESS: tests.TestHiLo.getSecret5 completed in 1.1 milliseconds
SUCCESS: tests.TestHiLo.getSecret6 completed in 0.0 milliseconds
SUCCESS: tests.TestHiLo.progress1 completed in 0.1 milliseconds
SUCCESS: tests.TestHiLo.progress2 completed in 0.1 milliseconds
SUCCESS: tests.TestHiLo.progress3 completed in 0.1 milliseconds
SUCCESS: tests.TestHiLo.progress4 completed in 0.1 milliseconds
SUCCESS: tests.TestHiLo.state1 completed in 0.1 milliseconds
SUCCESS: tests.TestHiLo.state2 completed in 0.1 milliseconds
SUCCESS: tests.TestHiLo.state3 completed in 0.1 milliseconds
SUCCESS: tests.TestHiLo.state4 completed in 0.1 milliseconds
SUCCESS: tests.TestHiLo.state5 completed in 0.0 milliseconds
SUCCESS: tests.TestHiLo.state6 completed in 0.0 milliseconds
SUCCESS: tests.TestHiLo.state7 completed in 0.0 milliseconds
SUCCESS: tests.TestHiLo.state8 completed in 0.1 milliseconds
SUCCESS: tests.TestHiLo.state9 completed in 0.1 milliseconds
SUCCESS: tests.TestLiar.testBig1 completed in 1.933 second
SUCCESS: tests.TestLiar.testBig2 completed in 1.287 second
SUCCESS: tests.TestLiar.testBig3 completed in 1.622 second
SUCCESS: tests.TestLiar.testBig4 completed in 2.120 seconds
SUCCESS: tests.TestLiar.testBig5 completed in 2.669 seconds
FAILURE: tests.TestLiar.testBig6 [Worker-1] charpov.grader.TimeoutException: timed out after 30000 milliseconds
SUCCESS: tests.TestLiar.testBig7 completed in 240.775 seconds
SUCCESS: tests.TestLiar.testFields1 completed in 0.8 milliseconds
SUCCESS: tests.TestLiar.testFields2 completed in 0.2 milliseconds
SUCCESS: tests.TestLiar.testGetAnswer1 completed in 0.7 milliseconds
SUCCESS: tests.TestLiar.testGetAnswer10 completed in 133.9 milliseconds
SUCCESS: tests.TestLiar.testGetAnswer11 completed in 35.0 milliseconds
SUCCESS: tests.TestLiar.testGetAnswer2 completed in 0.5 milliseconds
SUCCESS: tests.TestLiar.testGetAnswer3 completed in 0.2 milliseconds
SUCCESS: tests.TestLiar.testGetAnswer4 completed in 0.4 milliseconds
SUCCESS: tests.TestLiar.testGetAnswer5 completed in 1.5 milliseconds
SUCCESS: tests.TestLiar.testGetAnswer6 completed in 0.6 milliseconds
SUCCESS: tests.TestLiar.testGetAnswer7 completed in 0.5 milliseconds
SUCCESS: tests.TestLiar.testGetAnswer8 completed in 58.1 milliseconds
SUCCESS: tests.TestLiar.testGetAnswer9 completed in 21.1 milliseconds
SUCCESS: tests.TestLiar.testHasSolved1 completed in 0.1 milliseconds
SUCCESS: tests.TestLiar.testHasSolved2 completed in 2.8 milliseconds
SUCCESS: tests.TestLiar.testProgress1 completed in 13.5 milliseconds
SUCCESS: tests.TestLiar.testProgress2 completed in 0.1 milliseconds
SUCCESS: tests.TestLiar.testProgress3 completed in 0.1 milliseconds
SUCCESS: tests.TestLiar.testProgress4 completed in 0.2 milliseconds
SUCCESS: tests.TestLiar.testProgress6 completed in 0.3 milliseconds
SUCCESS: tests.TestLiar.testSelectCandidates1 completed in 0.3 milliseconds
SUCCESS: tests.TestLiar.testSelectCandidates2 completed in 0.1 milliseconds
SUCCESS: tests.TestLiar.testSelectCandidates3 completed in 4.4 milliseconds
SUCCESS: tests.TestLiar.testState1 completed in 0.2 milliseconds
SUCCESS: tests.TestLiar.testState2 completed in 0.4 milliseconds
SUCCESS: tests.TestLiar.testState3 completed in 0.2 milliseconds
SUCCESS: tests.TestLiar.testState4 completed in 0.3 milliseconds
SUCCESS: tests.TestLiar.testState5 completed in 0.2 milliseconds
SUCCESS: tests.TestLiar.testState6 completed in 0.2 milliseconds
SUCCESS: tests.TestLiar.testState7 completed in 0.2 milliseconds
SUCCESS: tests.TestLiar.testState8 completed in 0.4 milliseconds
SUCCESS: tests.TestLiar.testState9 completed in 2.3 milliseconds
INFO:    65 tests passed; 1 failed
Total: 99.52380657196045/100
